# System
pacman-contrib

pipewire
pipewire-alsa
pipewire-audio
pipewire-pulse
gst-plugin-pipewire
wireplumber
pavucontrol

networkmanager
network-manager-applet

bluez
bluez-utils
blueman

brightnessctl

udiskie

# Shell
fastfetch
cowsay
lolcat
figlet
fortune-mod
cmatrix
cbonsai
asciiquarium
sl
pokeget
starship

# Terminal Utitlies
bat
zoxide
eza
tldr
stow
neovim
fzf

yazi

speedtest-cli
gping
htop
duf

libnewt
cava

# Hyprland
hyprland
uwsm
mako
xdg-user-dirs
xdg-desktop-portal-hyprland
xdg-desktop-portal-gtk
hyprpolkitagent
qt5-wayland
qt6-wayland

hyprpaper
waypaper

hypridle
hyprlock
hyprsysteminfo

waybar

foot
kitty
rofi-wayland
thunar
firefox

nwg-look

ttf-jetbrains-mono-nerd
archlinux-wallpaper

#Development
docker
lazydocker
lazygit

visual-studio.code-bin
